Building DAG of jobs...
Using shell: /bin/bash
Provided cores: 1 (use --cores to define parallelism)
Rules claiming more threads will be scaled down.
Job counts:
	count	jobs
	1	all
	1	compute2
	2
Select jobs to execute...

[Thu Dec  3 10:45:19 2020]
rule compute2:
    input: resources/OREMO8127_EIv1.0.annotation.shortScaffoldID.proteinCoding_HighConf.5Kb_cisRegions.stranded.bed
    output: results/Om_5kbRegions_lengthDist.pdf
    jobid: 2
    wildcards: OUTPUT_DIR=results

[Thu Dec  3 10:48:38 2020]
Finished job 2.
1 of 2 steps (50%) done
Select jobs to execute...

[Thu Dec  3 10:48:38 2020]
localrule all:
    input: results/input1.txt, results/Om_5kbRegions_lengthDist.pdf
    jobid: 0

[Thu Dec  3 10:48:38 2020]
Finished job 0.
2 of 2 steps (100%) done
Complete log: /Users/admin/Desktop/EMotEP/.snakemake/log/2020-12-03T104519.169811.snakemake.log
