Building DAG of jobs...
Using shell: /bin/bash
Provided cores: 1 (use --cores to define parallelism)
Rules claiming more threads will be scaled down.
Job counts:
	count	jobs
	1	all
	1	compute1
	2
Select jobs to execute...

[Thu Dec  3 10:40:42 2020]
rule compute1:
    output: results/input1.txt
    jobid: 1
    wildcards: OUTPUT_DIR=results

[Thu Dec  3 10:41:12 2020]
Finished job 1.
1 of 2 steps (50%) done
Select jobs to execute...

[Thu Dec  3 10:41:12 2020]
localrule all:
    input: results/input1.txt, results/input2.txt
    jobid: 0

[Thu Dec  3 10:41:12 2020]
Finished job 0.
2 of 2 steps (100%) done
Complete log: /Users/admin/Desktop/EMotEP/.snakemake/log/2020-12-03T104042.176286.snakemake.log
