Building DAG of jobs...
Using shell: /bin/bash
Provided cores: 1 (use --cores to define parallelism)
Rules claiming more threads will be scaled down.
Job counts:
	count	jobs
	1	all
	1	compute2
	2
Select jobs to execute...

[Thu Dec  3 10:44:56 2020]
rule compute2:
    input: resources/OREMO8127_EIv1.0.annotation.shortScaffoldID.proteinCoding_HighConf.5Kb_cisRegions.stranded.bed
    output: results/Om_5kbRegions_lengthDist.pdf
    jobid: 2
    wildcards: OUTPUT_DIR=results

RuleException in line 25 of /Users/admin/Desktop/EMotEP/workflow/Snakefile:
NameError: The name 'OUTPUT_DIR' is unknown in this context. Did you mean 'wildcards.OUTPUT_DIR'?
  File "/Users/admin/opt/anaconda3/envs/EMotEP/lib/python3.8/site-packages/snakemake/executors/__init__.py", line 131, in run_jobs
  File "/Users/admin/opt/anaconda3/envs/EMotEP/lib/python3.8/site-packages/snakemake/executors/__init__.py", line 433, in run
  File "/Users/admin/opt/anaconda3/envs/EMotEP/lib/python3.8/site-packages/snakemake/executors/__init__.py", line 225, in _run
  File "/Users/admin/opt/anaconda3/envs/EMotEP/lib/python3.8/site-packages/snakemake/executors/__init__.py", line 151, in _run
  File "/Users/admin/opt/anaconda3/envs/EMotEP/lib/python3.8/site-packages/snakemake/executors/__init__.py", line 157, in printjob
